<?xml version="1.0" encoding="UTF-8"?>
<!-- Generated by org.testng.reporters.JUnitReportReporter -->
<testsuite hostname="Rajeev-PC" name="Pages.ShoppingCartPaymentsPage" tests="1" failures="0" timestamp="13 May 2021 11:10:02 GMT" time="30.420" errors="0">
  <testcase name="Test" time="30.420" classname="Pages.ShoppingCartPaymentsPage"/>
</testsuite> <!-- Pages.ShoppingCartPaymentsPage -->
