<?xml version="1.0" encoding="UTF-8"?>
<!-- Generated by org.testng.reporters.JUnitReportReporter -->
<testsuite hostname="Rajeev-PC" name="TestPackage.YourLogoAddProductTest" tests="1" failures="0" timestamp="15 May 2021 08:34:15 GMT" time="62.251" errors="0">
  <testcase name="AddProduct" time="62.251" classname="TestPackage.YourLogoAddProductTest"/>
</testsuite> <!-- TestPackage.YourLogoAddProductTest -->
