<?xml version="1.0" encoding="UTF-8"?>
<!-- Generated by org.testng.reporters.JUnitReportReporter -->
<testsuite hostname="Rajeev-PC" name="TestPackage.YourLogoRegistrationTest" tests="1" failures="0" timestamp="15 May 2021 08:34:15 GMT" time="111.736" errors="0">
  <testcase name="SignIn" time="111.736" classname="TestPackage.YourLogoRegistrationTest"/>
</testsuite> <!-- TestPackage.YourLogoRegistrationTest -->
