<?xml version="1.0" encoding="UTF-8"?>
<!-- Generated by org.testng.reporters.JUnitReportReporter -->
<testsuite hostname="Rajeev-PC" name="LandingPageTest" tests="1" failures="0" timestamp="13 May 2021 08:41:31 GMT" time="36.761" errors="0">
  <testcase name="SignIn" time="36.761" classname="LandingPageTest"/>
</testsuite> <!-- LandingPageTest -->
