<?xml version="1.0" encoding="UTF-8"?>
<!-- Generated by org.testng.reporters.JUnitReportReporter -->
<testsuite hostname="Rajeev-PC" name="TestBase.TestBaseClass" tests="1" failures="0" timestamp="12 May 2021 19:34:33 GMT" time="13.670" errors="0">
  <testcase name="Main" time="13.670" classname="TestBase.TestBaseClass"/>
</testsuite> <!-- TestBase.TestBaseClass -->
