<?xml version="1.0" encoding="UTF-8"?>
<!-- Generated by org.testng.reporters.JUnitReportReporter -->
<testsuite hostname="Rajeev-PC" name="Runner.TestRunner" tests="1" failures="0" timestamp="16 May 2021 21:29:07 GMT" time="153.844" errors="0">
  <testcase name="feature" time="153.844" classname="Runner.TestRunner"/>
</testsuite> <!-- Runner.TestRunner -->
