<?xml version="1.0" encoding="UTF-8"?>
<!-- Generated by org.testng.reporters.JUnitReportReporter -->
<testsuite hostname="Rajeev-PC" name="Utilities.UtilitiesClass" tests="1" failures="0" timestamp="12 May 2021 20:16:47 GMT" time="0.030" errors="0">
  <testcase name="Main" time="0.030" classname="Utilities.UtilitiesClass"/>
</testsuite> <!-- Utilities.UtilitiesClass -->
